{
"contracts\\Faucet.sol":{"l":{"17":42,"18":42,"19":42,"20":42,"21":42,"22":42,"23":42,"27":1,"28":1,"32":1,"33":1,"37":1,"38":1,"39":1,"44":2,"48":1,"49":1,"50":1,"51":1,"55":4,"56":3,"57":2,"59":3,"60":2,"61":2,"62":2,"67":11,"68":6},"path":"C:\\Users\\User\\TestContract\\contracts\\Faucet.sol","s":{"1":1,"2":1,"3":1,"4":1,"5":1,"6":1,"7":4,"8":3,"9":3,"10":2,"11":2,"12":11},"b":{"1":[1,1],"2":[1,0],"3":[1,1],"4":[1,0],"5":[1,1],"6":[1,0],"7":[2,1],"8":[1,1],"9":[1,0],"10":[3,1],"11":[2,1],"12":[2,1],"13":[6,5]},"f":{"1":42,"2":1,"3":1,"4":1,"5":2,"6":1,"7":4,"8":11},"fnMap":{"1":{"name":"constructor","line":16,"loc":{"start":{"line":16,"column":4},"end":{"line":24,"column":4}}},"2":{"name":"modifyTimeFaucet","line":26,"loc":{"start":{"line":26,"column":4},"end":{"line":29,"column":4}}},"3":{"name":"modifyLockHourPeriods","line":31,"loc":{"start":{"line":31,"column":4},"end":{"line":34,"column":4}}},"4":{"name":"modifyAmountToken","line":36,"loc":{"start":{"line":36,"column":4},"end":{"line":40,"column":4}}},"5":{"name":"togleOpen","line":43,"loc":{"start":{"line":43,"column":4},"end":{"line":45,"column":4}}},"6":{"name":"withdrawAllandClose","line":47,"loc":{"start":{"line":47,"column":4},"end":{"line":52,"column":4}}},"7":{"name":"getFaucet","line":54,"loc":{"start":{"line":54,"column":4},"end":{"line":63,"column":4}}},"8":{"name":"onlyOwner","line":66,"loc":{"start":{"line":66,"column":4},"end":{"line":69,"column":4}}}},"statementMap":{"1":{"start":{"line":27,"column":7},"end":{"line":27,"column":32}},"2":{"start":{"line":32,"column":7},"end":{"line":32,"column":32}},"3":{"start":{"line":37,"column":7},"end":{"line":37,"column":32}},"4":{"start":{"line":48,"column":8},"end":{"line":48,"column":33}},"5":{"start":{"line":49,"column":8},"end":{"line":49,"column":62}},"6":{"start":{"line":50,"column":8},"end":{"line":50,"column":62}},"7":{"start":{"line":55,"column":7},"end":{"line":55,"column":32}},"8":{"start":{"line":56,"column":7},"end":{"line":56,"column":1611}},"9":{"start":{"line":59,"column":7},"end":{"line":59,"column":82}},"10":{"start":{"line":61,"column":7},"end":{"line":61,"column":42}},"11":{"start":{"line":62,"column":7},"end":{"line":62,"column":42}},"12":{"start":{"line":67,"column":8},"end":{"line":67,"column":71}}},"branchMap":{"1":{"line":26,"type":"if","locations":[{"start":{"line":26,"column":69},"end":{"line":26,"column":69}},{"start":{"line":26,"column":69},"end":{"line":26,"column":69}}]},"2":{"line":27,"type":"if","locations":[{"start":{"line":27,"column":7},"end":{"line":27,"column":7}},{"start":{"line":27,"column":7},"end":{"line":27,"column":7}}]},"3":{"line":31,"type":"if","locations":[{"start":{"line":31,"column":63},"end":{"line":31,"column":63}},{"start":{"line":31,"column":63},"end":{"line":31,"column":63}}]},"4":{"line":32,"type":"if","locations":[{"start":{"line":32,"column":7},"end":{"line":32,"column":7}},{"start":{"line":32,"column":7},"end":{"line":32,"column":7}}]},"5":{"line":36,"type":"if","locations":[{"start":{"line":36,"column":75},"end":{"line":36,"column":75}},{"start":{"line":36,"column":75},"end":{"line":36,"column":75}}]},"6":{"line":37,"type":"if","locations":[{"start":{"line":37,"column":7},"end":{"line":37,"column":7}},{"start":{"line":37,"column":7},"end":{"line":37,"column":7}}]},"7":{"line":43,"type":"if","locations":[{"start":{"line":43,"column":34},"end":{"line":43,"column":34}},{"start":{"line":43,"column":34},"end":{"line":43,"column":34}}]},"8":{"line":47,"type":"if","locations":[{"start":{"line":47,"column":44},"end":{"line":47,"column":44}},{"start":{"line":47,"column":44},"end":{"line":47,"column":44}}]},"9":{"line":48,"type":"if","locations":[{"start":{"line":48,"column":8},"end":{"line":48,"column":8}},{"start":{"line":48,"column":8},"end":{"line":48,"column":8}}]},"10":{"line":55,"type":"if","locations":[{"start":{"line":55,"column":7},"end":{"line":55,"column":7}},{"start":{"line":55,"column":7},"end":{"line":55,"column":7}}]},"11":{"line":56,"type":"if","locations":[{"start":{"line":56,"column":7},"end":{"line":56,"column":7}},{"start":{"line":56,"column":7},"end":{"line":56,"column":7}}]},"12":{"line":59,"type":"if","locations":[{"start":{"line":59,"column":7},"end":{"line":59,"column":7}},{"start":{"line":59,"column":7},"end":{"line":59,"column":7}}]},"13":{"line":67,"type":"if","locations":[{"start":{"line":67,"column":8},"end":{"line":67,"column":8}},{"start":{"line":67,"column":8},"end":{"line":67,"column":8}}]}}},
"contracts\\PUSD.sol":{"l":{"10":135},"path":"C:\\Users\\User\\TestContract\\contracts\\PUSD.sol","s":{"1":135},"b":{},"f":{"1":135},"fnMap":{"1":{"name":"constructor","line":9,"loc":{"start":{"line":9,"column":4},"end":{"line":11,"column":4}}}},"statementMap":{"1":{"start":{"line":10,"column":8},"end":{"line":10,"column":41}}},"branchMap":{}},
"contracts\\Staking.sol":{"l":{"53":63,"54":63,"72":21,"83":21,"84":21,"88":2,"92":2,"96":16,"97":16,"98":16,"99":16,"100":16,"102":16,"117":16,"120":16,"121":16,"125":16,"129":2,"130":1,"131":1,"135":2,"139":7,"143":2,"147":4,"149":3,"153":5,"154":4,"156":3,"157":3,"158":3,"160":3,"161":1,"162":1,"165":2,"166":2,"167":2,"174":22,"175":21},"path":"C:\\Users\\User\\TestContract\\contracts\\Staking.sol","s":{"1":21,"2":2,"3":2,"4":16,"5":16,"6":16,"7":16,"8":16,"9":16,"10":16,"11":16,"12":2,"13":2,"14":7,"15":2,"16":4,"17":5,"18":4,"19":3,"20":3,"21":3,"22":1,"23":1,"24":2,"25":2,"26":2,"27":22},"b":{"1":[21,1],"2":[16,0],"3":[1,1],"4":[3,1],"5":[4,1],"6":[3,1],"7":[1,2],"8":[21,1]},"f":{"1":63,"2":21,"3":2,"4":2,"5":16,"6":16,"7":2,"8":2,"9":7,"10":2,"11":4,"12":5,"13":22},"fnMap":{"1":{"name":"constructor","line":52,"loc":{"start":{"line":52,"column":4},"end":{"line":62,"column":4}}},"2":{"name":"addPool","line":71,"loc":{"start":{"line":64,"column":4},"end":{"line":85,"column":4}}},"3":{"name":"getLengthpool","line":87,"loc":{"start":{"line":87,"column":4},"end":{"line":89,"column":4}}},"4":{"name":"getAllpool","line":91,"loc":{"start":{"line":91,"column":4},"end":{"line":93,"column":4}}},"5":{"name":"stakeEther","line":95,"loc":{"start":{"line":95,"column":4},"end":{"line":122,"column":4}}},"6":{"name":"calculateInterest","line":124,"loc":{"start":{"line":124,"column":4},"end":{"line":126,"column":4}}},"7":{"name":"modifyLockPeriods","line":128,"loc":{"start":{"line":128,"column":4},"end":{"line":132,"column":4}}},"8":{"name":"getPoolById","line":134,"loc":{"start":{"line":134,"column":4},"end":{"line":136,"column":4}}},"9":{"name":"getPositionById","line":138,"loc":{"start":{"line":138,"column":4},"end":{"line":140,"column":4}}},"10":{"name":"getPositionIdsForAddress","line":142,"loc":{"start":{"line":142,"column":4},"end":{"line":144,"column":4}}},"11":{"name":"changeUnlockDate","line":146,"loc":{"start":{"line":146,"column":4},"end":{"line":150,"column":4}}},"12":{"name":"closePosition","line":152,"loc":{"start":{"line":152,"column":4},"end":{"line":171,"column":4}}},"13":{"name":"onlyOwner","line":173,"loc":{"start":{"line":173,"column":4},"end":{"line":176,"column":4}}}},"statementMap":{"1":{"start":{"line":83,"column":8},"end":{"line":83,"column":36}},"2":{"start":{"line":88,"column":8},"end":{"line":88,"column":31}},"3":{"start":{"line":92,"column":8},"end":{"line":92,"column":24}},"4":{"start":{"line":96,"column":8},"end":{"line":96,"column":64}},"5":{"start":{"line":97,"column":8},"end":{"line":97,"column":52}},"6":{"start":{"line":98,"column":8},"end":{"line":98,"column":37}},"7":{"start":{"line":99,"column":8},"end":{"line":99,"column":57}},"8":{"start":{"line":100,"column":8},"end":{"line":100,"column":36}},"9":{"start":{"line":117,"column":9},"end":{"line":117,"column":76}},"10":{"start":{"line":120,"column":8},"end":{"line":120,"column":63}},"11":{"start":{"line":125,"column":8},"end":{"line":125,"column":60}},"12":{"start":{"line":129,"column":8},"end":{"line":129,"column":75}},"13":{"start":{"line":135,"column":8},"end":{"line":135,"column":28}},"14":{"start":{"line":139,"column":8},"end":{"line":139,"column":36}},"15":{"start":{"line":143,"column":8},"end":{"line":143,"column":50}},"16":{"start":{"line":147,"column":10},"end":{"line":147,"column":74}},"17":{"start":{"line":153,"column":8},"end":{"line":153,"column":99}},"18":{"start":{"line":154,"column":8},"end":{"line":154,"column":72}},"19":{"start":{"line":157,"column":8},"end":{"line":157,"column":65}},"20":{"start":{"line":158,"column":8},"end":{"line":158,"column":53}},"21":{"start":{"line":160,"column":8},"end":{"line":160,"column":4671}},"22":{"start":{"line":161,"column":12},"end":{"line":161,"column":100}},"23":{"start":{"line":162,"column":12},"end":{"line":162,"column":60}},"24":{"start":{"line":165,"column":12},"end":{"line":165,"column":72}},"25":{"start":{"line":166,"column":12},"end":{"line":166,"column":60}},"26":{"start":{"line":167,"column":12},"end":{"line":167,"column":52}},"27":{"start":{"line":174,"column":8},"end":{"line":174,"column":71}}},"branchMap":{"1":{"line":71,"type":"if","locations":[{"start":{"line":71,"column":15},"end":{"line":71,"column":15}},{"start":{"line":71,"column":15},"end":{"line":71,"column":15}}]},"2":{"line":96,"type":"if","locations":[{"start":{"line":96,"column":8},"end":{"line":96,"column":8}},{"start":{"line":96,"column":8},"end":{"line":96,"column":8}}]},"3":{"line":129,"type":"if","locations":[{"start":{"line":129,"column":8},"end":{"line":129,"column":8}},{"start":{"line":129,"column":8},"end":{"line":129,"column":8}}]},"4":{"line":147,"type":"if","locations":[{"start":{"line":147,"column":10},"end":{"line":147,"column":10}},{"start":{"line":147,"column":10},"end":{"line":147,"column":10}}]},"5":{"line":153,"type":"if","locations":[{"start":{"line":153,"column":8},"end":{"line":153,"column":8}},{"start":{"line":153,"column":8},"end":{"line":153,"column":8}}]},"6":{"line":154,"type":"if","locations":[{"start":{"line":154,"column":8},"end":{"line":154,"column":8}},{"start":{"line":154,"column":8},"end":{"line":154,"column":8}}]},"7":{"line":160,"type":"if","locations":[{"start":{"line":160,"column":8},"end":{"line":160,"column":8}},{"start":{"line":160,"column":8},"end":{"line":160,"column":8}}]},"8":{"line":174,"type":"if","locations":[{"start":{"line":174,"column":8},"end":{"line":174,"column":8}},{"start":{"line":174,"column":8},"end":{"line":174,"column":8}}]}}},
"contracts\\Swap.sol":{"l":{"17":30,"18":30,"19":30,"23":0,"24":0,"34":0,"35":0,"41":1,"42":1,"59":1,"60":1,"61":1,"65":5,"66":5,"70":1,"71":1,"75":7,"76":7,"81":4,"82":3,"85":2,"86":2,"92":2,"93":2,"96":2,"98":1,"99":1,"101":1,"105":5,"106":5,"108":5,"109":0,"112":5,"113":5,"115":0,"120":5,"121":5,"123":5,"129":1,"130":1,"132":1,"133":1,"134":1,"136":1,"137":1,"139":1,"140":1,"144":5,"145":5,"146":5,"147":5,"148":350,"149":350,"152":0,"157":0,"161":5,"162":4,"166":8,"167":6},"path":"C:\\Users\\User\\TestContract\\contracts\\Swap.sol","s":{"1":0,"2":0,"3":0,"4":1,"5":1,"6":1,"7":1,"8":4,"9":3,"10":2,"11":2,"12":2,"13":2,"14":1,"15":1,"16":1,"17":5,"18":5,"19":5,"20":0,"21":5,"22":5,"23":5,"24":5,"25":1,"26":1,"27":1,"28":1,"29":1,"30":1,"31":1,"32":5,"33":5,"34":5,"35":0,"36":0,"37":5,"38":8},"b":{"1":[0,0],"2":[1,0],"3":[4,1],"4":[3,1],"5":[3,0],"6":[2,1],"7":[2,0],"8":[1,1],"9":[5,1],"10":[0,5],"11":[0,0],"12":[0,0],"13":[5,0],"14":[5,0],"15":[1,1],"16":[1,0],"17":[5,0],"18":[0,0],"19":[0,0],"20":[4,1],"21":[6,2]},"f":{"1":30,"2":0,"3":1,"4":5,"5":1,"6":7,"7":4,"8":5,"9":1,"10":5,"11":0,"12":5,"13":8},"fnMap":{"1":{"name":"constructor","line":16,"loc":{"start":{"line":16,"column":4},"end":{"line":20,"column":4}}},"2":{"name":"getAmountIn","line":22,"loc":{"start":{"line":22,"column":4},"end":{"line":38,"column":4}}},"3":{"name":"getAmountOut","line":39,"loc":{"start":{"line":39,"column":4},"end":{"line":62,"column":4}}},"4":{"name":"_mint","line":64,"loc":{"start":{"line":64,"column":4},"end":{"line":67,"column":4}}},"5":{"name":"_burn","line":69,"loc":{"start":{"line":69,"column":4},"end":{"line":72,"column":4}}},"6":{"name":"_update","line":74,"loc":{"start":{"line":74,"column":4},"end":{"line":77,"column":4}}},"7":{"name":"swap","line":80,"loc":{"start":{"line":80,"column":0},"end":{"line":102,"column":4}}},"8":{"name":"addLiquidity","line":104,"loc":{"start":{"line":104,"column":4},"end":{"line":124,"column":4}}},"9":{"name":"removeLiquidity","line":126,"loc":{"start":{"line":126,"column":4},"end":{"line":141,"column":4}}},"10":{"name":"_sqrt","line":143,"loc":{"start":{"line":143,"column":4},"end":{"line":154,"column":4}}},"11":{"name":"_min","line":156,"loc":{"start":{"line":156,"column":4},"end":{"line":158,"column":4}}},"12":{"name":"ensure","line":160,"loc":{"start":{"line":160,"column":4},"end":{"line":163,"column":4}}},"13":{"name":"onlyOwner","line":165,"loc":{"start":{"line":165,"column":4},"end":{"line":168,"column":4}}}},"statementMap":{"1":{"start":{"line":23,"column":9},"end":{"line":23,"column":52}},"2":{"start":{"line":24,"column":8},"end":{"line":24,"column":700}},"3":{"start":{"line":35,"column":8},"end":{"line":35,"column":23}},"4":{"start":{"line":41,"column":8},"end":{"line":41,"column":51}},"5":{"start":{"line":42,"column":8},"end":{"line":42,"column":1368}},"6":{"start":{"line":59,"column":8},"end":{"line":59,"column":44}},"7":{"start":{"line":61,"column":8},"end":{"line":61,"column":24}},"8":{"start":{"line":81,"column":8},"end":{"line":81,"column":92}},"9":{"start":{"line":82,"column":8},"end":{"line":82,"column":50}},"10":{"start":{"line":85,"column":8},"end":{"line":85,"column":51}},"11":{"start":{"line":86,"column":8},"end":{"line":86,"column":2922}},"12":{"start":{"line":92,"column":8},"end":{"line":92,"column":44}},"13":{"start":{"line":96,"column":8},"end":{"line":96,"column":53}},"14":{"start":{"line":98,"column":8},"end":{"line":98,"column":65}},"15":{"start":{"line":99,"column":8},"end":{"line":99,"column":47}},"16":{"start":{"line":101,"column":8},"end":{"line":101,"column":80}},"17":{"start":{"line":105,"column":8},"end":{"line":105,"column":63}},"18":{"start":{"line":106,"column":8},"end":{"line":106,"column":63}},"19":{"start":{"line":108,"column":8},"end":{"line":108,"column":3820}},"20":{"start":{"line":109,"column":12},"end":{"line":109,"column":82}},"21":{"start":{"line":112,"column":8},"end":{"line":112,"column":3964}},"22":{"start":{"line":120,"column":8},"end":{"line":120,"column":40}},"23":{"start":{"line":121,"column":8},"end":{"line":121,"column":32}},"24":{"start":{"line":123,"column":8},"end":{"line":123,"column":80}},"25":{"start":{"line":129,"column":8},"end":{"line":129,"column":54}},"26":{"start":{"line":130,"column":8},"end":{"line":130,"column":54}},"27":{"start":{"line":134,"column":8},"end":{"line":134,"column":68}},"28":{"start":{"line":136,"column":8},"end":{"line":136,"column":33}},"29":{"start":{"line":137,"column":8},"end":{"line":137,"column":46}},"30":{"start":{"line":139,"column":8},"end":{"line":139,"column":43}},"31":{"start":{"line":140,"column":8},"end":{"line":140,"column":43}},"32":{"start":{"line":144,"column":8},"end":{"line":144,"column":5070}},"33":{"start":{"line":146,"column":12},"end":{"line":146,"column":33}},"34":{"start":{"line":147,"column":12},"end":{"line":147,"column":5156}},"35":{"start":{"line":151,"column":15},"end":{"line":151,"column":5261}},"36":{"start":{"line":157,"column":8},"end":{"line":157,"column":29}},"37":{"start":{"line":161,"column":8},"end":{"line":161,"column":61}},"38":{"start":{"line":166,"column":8},"end":{"line":166,"column":65}}},"branchMap":{"1":{"line":25,"type":"if","locations":[{"start":{"line":25,"column":14},"end":{"line":25,"column":33}},{"start":{"line":26,"column":14},"end":{"line":26,"column":33}}]},"2":{"line":43,"type":"if","locations":[{"start":{"line":43,"column":14},"end":{"line":43,"column":33}},{"start":{"line":44,"column":14},"end":{"line":44,"column":33}}]},"3":{"line":80,"type":"if","locations":[{"start":{"line":80,"column":99},"end":{"line":80,"column":99}},{"start":{"line":80,"column":99},"end":{"line":80,"column":99}}]},"4":{"line":81,"type":"if","locations":[{"start":{"line":81,"column":8},"end":{"line":81,"column":8}},{"start":{"line":81,"column":8},"end":{"line":81,"column":8}}]},"5":{"line":81,"type":"cond-expr","locations":[{"start":{"line":81,"column":17},"end":{"line":81,"column":43}},{"start":{"line":81,"column":48},"end":{"line":81,"column":74}}]},"6":{"line":82,"type":"if","locations":[{"start":{"line":82,"column":8},"end":{"line":82,"column":8}},{"start":{"line":82,"column":8},"end":{"line":82,"column":8}}]},"7":{"line":87,"type":"if","locations":[{"start":{"line":87,"column":14},"end":{"line":87,"column":49}},{"start":{"line":88,"column":14},"end":{"line":88,"column":49}}]},"8":{"line":96,"type":"if","locations":[{"start":{"line":96,"column":8},"end":{"line":96,"column":8}},{"start":{"line":96,"column":8},"end":{"line":96,"column":8}}]},"9":{"line":104,"type":"if","locations":[{"start":{"line":104,"column":71},"end":{"line":104,"column":71}},{"start":{"line":104,"column":71},"end":{"line":104,"column":71}}]},"10":{"line":108,"type":"if","locations":[{"start":{"line":108,"column":8},"end":{"line":108,"column":8}},{"start":{"line":108,"column":8},"end":{"line":108,"column":8}}]},"11":{"line":108,"type":"cond-expr","locations":[{"start":{"line":108,"column":12},"end":{"line":108,"column":23}},{"start":{"line":108,"column":28},"end":{"line":108,"column":39}}]},"12":{"line":109,"type":"if","locations":[{"start":{"line":109,"column":12},"end":{"line":109,"column":12}},{"start":{"line":109,"column":12},"end":{"line":109,"column":12}}]},"13":{"line":112,"type":"if","locations":[{"start":{"line":112,"column":8},"end":{"line":112,"column":8}},{"start":{"line":112,"column":8},"end":{"line":112,"column":8}}]},"14":{"line":120,"type":"if","locations":[{"start":{"line":120,"column":8},"end":{"line":120,"column":8}},{"start":{"line":120,"column":8},"end":{"line":120,"column":8}}]},"15":{"line":126,"type":"if","locations":[{"start":{"line":126,"column":55},"end":{"line":126,"column":55}},{"start":{"line":126,"column":55},"end":{"line":126,"column":55}}]},"16":{"line":134,"type":"if","locations":[{"start":{"line":134,"column":8},"end":{"line":134,"column":8}},{"start":{"line":134,"column":8},"end":{"line":134,"column":8}}]},"17":{"line":144,"type":"if","locations":[{"start":{"line":144,"column":8},"end":{"line":144,"column":8}},{"start":{"line":144,"column":8},"end":{"line":144,"column":8}}]},"18":{"line":151,"type":"if","locations":[{"start":{"line":151,"column":15},"end":{"line":151,"column":15}},{"start":{"line":151,"column":15},"end":{"line":151,"column":15}}]},"19":{"line":157,"type":"if","locations":[{"start":{"line":157,"column":24},"end":{"line":157,"column":24}},{"start":{"line":157,"column":28},"end":{"line":157,"column":28}}]},"20":{"line":161,"type":"if","locations":[{"start":{"line":161,"column":8},"end":{"line":161,"column":8}},{"start":{"line":161,"column":8},"end":{"line":161,"column":8}}]},"21":{"line":166,"type":"if","locations":[{"start":{"line":166,"column":8},"end":{"line":166,"column":8}},{"start":{"line":166,"column":8},"end":{"line":166,"column":8}}]}}},
"contracts\\THB.sol":{"l":{"10":72},"path":"C:\\Users\\User\\TestContract\\contracts\\THB.sol","s":{"1":72},"b":{},"f":{"1":72},"fnMap":{"1":{"name":"constructor","line":9,"loc":{"start":{"line":9,"column":4},"end":{"line":11,"column":4}}}},"statementMap":{"1":{"start":{"line":10,"column":8},"end":{"line":10,"column":41}}},"branchMap":{}}}
