TN:
SF:C:\Users\User\TestContract\contracts\Faucet.sol
FN:16,constructor
FN:26,modifyTimeFaucet
FN:31,modifyLockHourPeriods
FN:36,modifyAmountToken
FN:43,togleOpen
FN:47,withdrawAllandClose
FN:54,getFaucet
FN:66,onlyOwner
FNF:8
FNH:8
FNDA:42,constructor
FNDA:1,modifyTimeFaucet
FNDA:1,modifyLockHourPeriods
FNDA:1,modifyAmountToken
FNDA:2,togleOpen
FNDA:1,withdrawAllandClose
FNDA:4,getFaucet
FNDA:11,onlyOwner
DA:17,42
DA:18,42
DA:19,42
DA:20,42
DA:21,42
DA:22,42
DA:23,42
DA:27,1
DA:28,1
DA:32,1
DA:33,1
DA:37,1
DA:38,1
DA:39,1
DA:44,2
DA:48,1
DA:49,1
DA:50,1
DA:51,1
DA:55,4
DA:56,3
DA:57,2
DA:59,3
DA:60,2
DA:61,2
DA:62,2
DA:67,11
DA:68,6
LF:28
LH:28
BRDA:26,1,0,1
BRDA:26,1,1,1
BRDA:27,2,0,1
BRDA:27,2,1,0
BRDA:31,3,0,1
BRDA:31,3,1,1
BRDA:32,4,0,1
BRDA:32,4,1,0
BRDA:36,5,0,1
BRDA:36,5,1,1
BRDA:37,6,0,1
BRDA:37,6,1,0
BRDA:43,7,0,2
BRDA:43,7,1,1
BRDA:47,8,0,1
BRDA:47,8,1,1
BRDA:48,9,0,1
BRDA:48,9,1,0
BRDA:55,10,0,3
BRDA:55,10,1,1
BRDA:56,11,0,2
BRDA:56,11,1,1
BRDA:59,12,0,2
BRDA:59,12,1,1
BRDA:67,13,0,6
BRDA:67,13,1,5
BRF:26
BRH:22
end_of_record
TN:
SF:C:\Users\User\TestContract\contracts\PUSD.sol
FN:9,constructor
FNF:1
FNH:1
FNDA:135,constructor
DA:10,135
LF:1
LH:1
BRF:0
BRH:0
end_of_record
TN:
SF:C:\Users\User\TestContract\contracts\Staking.sol
FN:52,constructor
FN:71,addPool
FN:87,getLengthpool
FN:91,getAllpool
FN:95,stakeEther
FN:124,calculateInterest
FN:128,modifyLockPeriods
FN:134,getPoolById
FN:138,getPositionById
FN:142,getPositionIdsForAddress
FN:146,changeUnlockDate
FN:152,closePosition
FN:173,onlyOwner
FNF:13
FNH:13
FNDA:63,constructor
FNDA:21,addPool
FNDA:2,getLengthpool
FNDA:2,getAllpool
FNDA:16,stakeEther
FNDA:16,calculateInterest
FNDA:2,modifyLockPeriods
FNDA:2,getPoolById
FNDA:7,getPositionById
FNDA:2,getPositionIdsForAddress
FNDA:4,changeUnlockDate
FNDA:5,closePosition
FNDA:22,onlyOwner
DA:53,63
DA:54,63
DA:72,21
DA:83,21
DA:84,21
DA:88,2
DA:92,2
DA:96,16
DA:97,16
DA:98,16
DA:99,16
DA:100,16
DA:102,16
DA:117,16
DA:120,16
DA:121,16
DA:125,16
DA:129,2
DA:130,1
DA:131,1
DA:135,2
DA:139,7
DA:143,2
DA:147,4
DA:149,3
DA:153,5
DA:154,4
DA:156,3
DA:157,3
DA:158,3
DA:160,3
DA:161,1
DA:162,1
DA:165,2
DA:166,2
DA:167,2
DA:174,22
DA:175,21
LF:38
LH:38
BRDA:71,1,0,21
BRDA:71,1,1,1
BRDA:96,2,0,16
BRDA:96,2,1,0
BRDA:129,3,0,1
BRDA:129,3,1,1
BRDA:147,4,0,3
BRDA:147,4,1,1
BRDA:153,5,0,4
BRDA:153,5,1,1
BRDA:154,6,0,3
BRDA:154,6,1,1
BRDA:160,7,0,1
BRDA:160,7,1,2
BRDA:174,8,0,21
BRDA:174,8,1,1
BRF:16
BRH:15
end_of_record
TN:
SF:C:\Users\User\TestContract\contracts\Swap.sol
FN:16,constructor
FN:22,getAmountIn
FN:39,getAmountOut
FN:64,_mint
FN:69,_burn
FN:74,_update
FN:80,swap
FN:104,addLiquidity
FN:126,removeLiquidity
FN:143,_sqrt
FN:156,_min
FN:160,ensure
FN:165,onlyOwner
FNF:13
FNH:11
FNDA:30,constructor
FNDA:0,getAmountIn
FNDA:1,getAmountOut
FNDA:5,_mint
FNDA:1,_burn
FNDA:7,_update
FNDA:4,swap
FNDA:5,addLiquidity
FNDA:1,removeLiquidity
FNDA:5,_sqrt
FNDA:0,_min
FNDA:5,ensure
FNDA:8,onlyOwner
DA:17,30
DA:18,30
DA:19,30
DA:23,0
DA:24,0
DA:34,0
DA:35,0
DA:41,1
DA:42,1
DA:59,1
DA:60,1
DA:61,1
DA:65,5
DA:66,5
DA:70,1
DA:71,1
DA:75,7
DA:76,7
DA:81,4
DA:82,3
DA:85,2
DA:86,2
DA:92,2
DA:93,2
DA:96,2
DA:98,1
DA:99,1
DA:101,1
DA:105,5
DA:106,5
DA:108,5
DA:109,0
DA:112,5
DA:113,5
DA:115,0
DA:120,5
DA:121,5
DA:123,5
DA:129,1
DA:130,1
DA:132,1
DA:133,1
DA:134,1
DA:136,1
DA:137,1
DA:139,1
DA:140,1
DA:144,5
DA:145,5
DA:146,5
DA:147,5
DA:148,350
DA:149,350
DA:152,0
DA:157,0
DA:161,5
DA:162,4
DA:166,8
DA:167,6
LF:59
LH:51
BRDA:25,1,0,0
BRDA:25,1,1,0
BRDA:43,2,0,1
BRDA:43,2,1,0
BRDA:80,3,0,4
BRDA:80,3,1,1
BRDA:81,4,0,3
BRDA:81,4,1,1
BRDA:81,5,0,3
BRDA:81,5,1,0
BRDA:82,6,0,2
BRDA:82,6,1,1
BRDA:87,7,0,2
BRDA:87,7,1,0
BRDA:96,8,0,1
BRDA:96,8,1,1
BRDA:104,9,0,5
BRDA:104,9,1,1
BRDA:108,10,0,0
BRDA:108,10,1,5
BRDA:108,11,0,0
BRDA:108,11,1,0
BRDA:109,12,0,0
BRDA:109,12,1,0
BRDA:112,13,0,5
BRDA:112,13,1,0
BRDA:120,14,0,5
BRDA:120,14,1,0
BRDA:126,15,0,1
BRDA:126,15,1,1
BRDA:134,16,0,1
BRDA:134,16,1,0
BRDA:144,17,0,5
BRDA:144,17,1,0
BRDA:151,18,0,0
BRDA:151,18,1,0
BRDA:157,19,0,0
BRDA:157,19,1,0
BRDA:161,20,0,4
BRDA:161,20,1,1
BRDA:166,21,0,6
BRDA:166,21,1,2
BRF:42
BRH:24
end_of_record
TN:
SF:C:\Users\User\TestContract\contracts\THB.sol
FN:9,constructor
FNF:1
FNH:1
FNDA:72,constructor
DA:10,72
LF:1
LH:1
BRF:0
BRH:0
end_of_record
